<?xml version="1.0" encoding="UTF-8"?>
<!-- Generated by org.testng.reporters.JUnitXMLReporter -->
<testsuite hostname="DESKTOP-6D3FG3E" ignored="0" name="Test" tests="9" failures="0" timestamp="2021-05-09T16:39:21 CEST" time="127.872" errors="0">
  <testcase name="launchURL" time="3.626" classname="com.qa.testcases.AmazonPageTest"/>
  <testcase name="loginAmazon" time="10.0" classname="com.qa.testcases.AmazonPageTest"/>
  <testcase name="selectFirstProduct" time="12.832" classname="com.qa.testcases.AmazonPageTest"/>
  <testcase name="addFirstProductToCart" time="16.312" classname="com.qa.testcases.AmazonPageTest"/>
  <testcase name="selectSecondProduct" time="11.871" classname="com.qa.testcases.AmazonPageTest"/>
  <testcase name="addSecondProductToCart" time="16.026" classname="com.qa.testcases.AmazonPageTest"/>
  <testcase name="verifyItemsInCart" time="2.788" classname="com.qa.testcases.AmazonPageTest"/>
  <testcase name="verifySaveProductForLater" time="29.104" classname="com.qa.testcases.AmazonPageTest"/>
  <testcase name="verifyMoveProductBackToBasket" time="16.849" classname="com.qa.testcases.AmazonPageTest"/>
</testsuite> <!-- Test -->
